SF:lib/core/locale/locale.dart
DA:11,10
DA:13,1
DA:14,2
DA:16,0
DA:17,0
DA:19,0
DA:21,0
DA:22,0
DA:23,0
DA:24,0
DA:25,0
DA:31,0
DA:32,0
DA:33,0
DA:38,5
LF:15
LH:4
end_of_record
SF:lib/core/theme/theme_app.dart
DA:8,10
DA:10,1
DA:11,2
DA:13,0
DA:14,0
DA:15,0
DA:16,0
DA:17,0
DA:18,0
DA:20,0
DA:24,0
DA:25,0
DA:27,0
DA:28,0
DA:29,0
DA:30,0
DA:32,0
DA:40,5
LF:18
LH:4
end_of_record
SF:lib/src/modules/settings/settings_qrcode/components/button_switch_color.dart
DA:11,4
DA:13,4
DA:15,4
DA:18,1
DA:19,1
DA:41,3
DA:43,0
DA:44,0
DA:45,0
DA:46,0
DA:47,0
DA:48,0
DA:50,0
DA:51,0
DA:52,0
DA:53,0
DA:54,0
DA:55,0
DA:59,0
DA:60,0
DA:61,0
DA:62,0
DA:63,0
DA:69,0
DA:70,0
DA:71,0
DA:72,0
DA:73,0
DA:76,0
DA:77,0
DA:78,0
DA:80,0
DA:83,0
DA:84,0
DA:86,0
DA:89,0
DA:90,0
DA:92,0
DA:99,1
DA:101,1
DA:102,3
DA:103,1
DA:104,1
DA:106,3
DA:109,1
DA:110,1
DA:111,4
DA:112,1
DA:113,1
DA:114,1
DA:116,1
DA:118,1
DA:119,3
DA:120,3
DA:121,1
DA:122,3
DA:123,2
DA:124,3
DA:125,2
DA:126,1
DA:127,1
DA:128,1
DA:129,1
DA:130,3
DA:131,1
DA:132,1
DA:133,3
DA:134,2
DA:135,1
DA:136,1
DA:144,1
DA:146,1
DA:147,3
DA:148,1
DA:149,1
DA:150,3
DA:151,1
DA:152,1
DA:153,1
DA:154,1
DA:155,3
LF:81
LH:49
end_of_record
SF:lib/src/modules/settings/settings_qrcode/components/button_switch_logo.dart
DA:11,4
DA:13,1
DA:14,1
DA:18,3
DA:20,0
DA:21,0
DA:22,0
DA:23,0
DA:24,0
DA:25,0
DA:26,0
DA:27,0
DA:29,0
DA:30,0
DA:31,0
DA:32,0
DA:33,0
DA:40,0
DA:42,0
DA:43,0
DA:44,0
DA:45,0
DA:55,0
DA:56,0
DA:57,0
DA:58,0
DA:59,0
DA:60,0
DA:68,0
DA:69,0
DA:70,0
DA:72,0
DA:73,0
DA:78,1
DA:80,1
DA:81,3
DA:82,1
DA:83,1
DA:85,3
DA:88,1
DA:89,1
DA:90,4
DA:91,1
DA:92,1
DA:93,2
DA:94,0
DA:96,0
DA:97,0
DA:99,0
DA:100,0
DA:103,1
DA:105,1
DA:107,3
DA:111,1
DA:113,1
DA:114,2
DA:115,3
LF:57
LH:23
end_of_record
SF:lib/src/modules/settings/settings_qrcode/components/button_switch_shape.dart
DA:16,4
DA:18,4
DA:20,1
DA:21,1
DA:25,3
DA:27,0
DA:28,0
DA:29,0
DA:30,0
DA:31,0
DA:32,0
DA:33,0
DA:34,0
DA:36,0
DA:37,0
DA:38,0
DA:40,0
DA:41,0
DA:42,0
DA:43,0
DA:45,0
DA:46,0
DA:47,0
DA:48,0
DA:54,0
DA:55,0
DA:56,0
DA:57,0
DA:61,0
DA:63,0
DA:64,0
DA:66,0
DA:67,0
DA:68,0
DA:72,0
DA:73,0
DA:77,0
DA:78,0
DA:79,0
DA:82,0
DA:91,0
DA:92,0
DA:93,0
DA:94,0
DA:95,0
DA:96,0
DA:104,1
DA:106,1
DA:107,3
DA:108,1
DA:109,1
DA:111,3
DA:114,1
DA:115,1
DA:116,4
DA:117,1
DA:118,1
DA:119,1
DA:121,1
DA:122,3
DA:123,3
DA:124,1
DA:126,3
DA:127,1
DA:128,3
DA:133,1
DA:134,3
DA:138,1
DA:139,3
DA:140,2
DA:141,2
DA:148,1
DA:150,1
DA:151,3
DA:152,2
DA:153,2
DA:154,3
LF:77
LH:36
end_of_record
SF:lib/src/modules/settings/settings_qrcode/components/qr_code_example.dart
DA:10,4
DA:12,1
DA:14,1
DA:16,1
DA:17,3
DA:20,2
DA:21,2
DA:22,1
DA:23,2
DA:24,2
DA:25,1
DA:26,2
DA:27,2
DA:28,2
DA:29,0
DA:30,0
LF:16
LH:14
end_of_record
SF:lib/src/modules/settings/settings_qrcode/settings_qrcode_page.dart
DA:11,5
DA:13,1
DA:15,1
DA:16,1
DA:17,3
LF:5
LH:5
end_of_record
SF:lib/src/shared/settings_qrcode/controller/settings_create_qrcode_controller.dart
DA:10,5
DA:12,2
DA:13,2
DA:14,2
DA:28,0
DA:29,0
DA:30,0
DA:31,0
DA:32,0
DA:33,0
DA:35,0
DA:37,0
DA:40,0
DA:41,0
DA:42,0
DA:43,0
DA:45,0
DA:46,0
DA:48,0
DA:51,0
DA:52,0
DA:53,0
DA:54,0
DA:57,0
DA:58,0
DA:59,0
DA:60,0
DA:63,0
DA:64,0
DA:65,0
DA:67,0
DA:69,0
DA:70,0
DA:72,0
DA:76,0
DA:78,0
DA:80,0
DA:82,0
DA:84,0
DA:87,0
DA:90,0
DA:94,0
DA:95,0
DA:98,0
DA:99,0
DA:100,0
DA:101,0
DA:106,5
LF:48
LH:5
end_of_record
SF:lib/core/routes/animations/animated_page_rout_builder_elastic_out.dart
DA:7,0
DA:9,0
DA:12,0
DA:16,0
DA:21,0
DA:22,0
LF:6
LH:0
end_of_record
SF:lib/core/routes/animations/animated_page_rout_builder_left_to_right.dart
DA:7,0
DA:9,0
DA:12,0
DA:16,0
DA:20,0
DA:21,0
DA:24,0
LF:7
LH:0
end_of_record
SF:lib/core/routes/routes_app.dart
DA:19,0
DA:20,0
DA:21,0
DA:22,0
DA:23,0
DA:25,0
DA:26,0
DA:27,0
DA:28,0
DA:31,0
DA:32,0
DA:36,0
DA:37,0
DA:41,0
DA:42,0
DA:44,0
DA:45,0
DA:46,0
DA:49,0
DA:50,0
DA:52,0
DA:54,0
DA:56,0
DA:57,0
DA:59,0
DA:61,0
DA:63,0
DA:64,0
DA:66,0
DA:67,0
DA:69,0
LF:31
LH:0
end_of_record
SF:lib/src/modules/createqrcode/create_qr_code/view/create_qrcode_view.dart
DA:26,1
DA:28,1
DA:29,1
DA:33,1
DA:35,1
DA:36,1
DA:37,1
DA:38,1
DA:39,3
DA:40,3
DA:41,3
DA:42,3
DA:43,3
DA:44,3
DA:45,3
DA:46,1
DA:47,2
DA:48,3
DA:49,1
DA:50,2
DA:51,3
DA:52,1
DA:53,2
DA:54,3
DA:55,1
DA:56,2
DA:57,3
DA:58,1
DA:59,2
DA:60,3
DA:61,1
DA:62,2
DA:63,3
DA:64,1
DA:65,2
DA:66,3
DA:67,1
DA:68,2
DA:69,3
DA:70,1
DA:71,2
DA:72,3
DA:73,1
DA:74,2
DA:75,3
DA:76,1
DA:77,2
DA:78,3
DA:79,1
DA:80,2
DA:82,0
DA:87,1
DA:88,1
DA:89,3
DA:91,3
DA:93,3
DA:95,3
DA:97,3
DA:99,3
DA:101,3
DA:103,3
DA:105,3
DA:107,3
DA:109,3
DA:111,3
DA:113,3
DA:115,3
DA:117,3
DA:120,0
LF:69
LH:67
end_of_record
SF:lib/src/modules/createqrcode/create_qr_code_result/create_qrcode_result_view.dart
DA:18,1
DA:20,1
DA:21,1
DA:28,3
DA:30,1
DA:32,2
DA:33,1
DA:35,1
DA:38,1
DA:40,1
DA:41,1
DA:43,3
DA:45,1
DA:46,2
DA:47,2
DA:48,1
DA:50,1
DA:51,1
DA:52,1
DA:53,1
DA:54,1
DA:55,3
DA:58,2
DA:59,3
DA:61,2
DA:62,1
DA:63,2
DA:65,2
DA:66,1
DA:67,2
DA:69,2
DA:71,2
DA:72,0
DA:73,0
DA:79,1
DA:80,1
DA:81,3
DA:82,3
DA:83,3
DA:85,1
DA:87,1
DA:88,1
DA:89,1
DA:90,1
DA:91,1
DA:94,0
DA:95,0
DA:99,1
DA:101,1
DA:102,1
DA:103,3
DA:104,3
DA:105,1
DA:106,1
DA:107,1
DA:108,1
DA:109,3
DA:120,1
DA:121,1
DA:122,1
DA:123,1
DA:126,2
DA:127,1
DA:129,1
DA:130,1
DA:131,3
DA:132,3
DA:133,1
DA:134,1
DA:135,1
DA:136,1
DA:137,3
LF:72
LH:68
end_of_record
SF:lib/src/shared/popup_notices/popup_notices.dart
DA:4,0
DA:6,0
DA:7,0
DA:9,0
DA:10,0
LF:5
LH:0
end_of_record
SF:lib/src/modules/help/help_view/help_view.dart
DA:8,5
DA:10,1
DA:12,1
DA:13,1
DA:16,1
DA:17,1
DA:18,1
DA:19,1
DA:20,2
DA:21,2
DA:23,1
DA:24,2
DA:25,2
DA:27,1
DA:28,2
DA:29,2
LF:16
LH:16
end_of_record
SF:lib/src/modules/help/solution_view/solution_view.dart
DA:6,1
DA:9,1
DA:11,1
DA:13,1
DA:14,1
DA:15,2
DA:17,1
DA:18,1
DA:19,1
DA:20,1
DA:21,3
DA:22,1
DA:23,1
DA:24,1
DA:25,1
LF:15
LH:15
end_of_record
SF:lib/src/modules/page_view/view/my_page_view.dart
DA:13,5
DA:14,1
DA:15,1
DA:22,1
DA:24,1
DA:25,1
DA:26,1
DA:29,1
DA:30,1
DA:32,1
DA:33,2
DA:34,0
DA:35,0
DA:36,0
DA:39,1
DA:40,2
DA:41,2
DA:43,3
DA:48,1
DA:50,1
DA:51,2
DA:52,3
DA:57,1
DA:58,2
DA:59,2
DA:61,3
DA:66,1
DA:68,1
DA:69,2
DA:70,3
DA:71,1
DA:72,3
DA:75,1
DA:76,2
DA:77,2
DA:79,3
DA:86,1
DA:87,1
DA:88,2
DA:105,1
DA:107,2
DA:108,2
DA:109,1
LF:43
LH:40
end_of_record
SF:lib/src/modules/readqrcode/result_read_code/resultreadcode_view.dart
DA:18,1
DA:20,1
DA:21,1
DA:26,3
DA:28,1
DA:30,3
DA:31,0
DA:33,2
DA:35,1
DA:38,0
DA:40,1
DA:42,1
DA:43,1
DA:44,1
DA:45,2
DA:46,2
DA:47,1
DA:49,1
DA:50,1
DA:51,1
DA:52,3
DA:53,3
DA:54,3
DA:56,1
DA:57,2
DA:58,3
DA:61,1
DA:62,1
DA:63,3
DA:65,3
DA:66,1
DA:67,1
DA:68,1
DA:70,1
DA:71,1
DA:73,1
DA:74,1
DA:75,1
DA:76,1
DA:77,1
DA:78,3
DA:80,1
DA:81,2
DA:82,3
DA:87,1
DA:89,2
DA:90,0
DA:91,0
DA:92,0
DA:93,0
DA:96,0
DA:100,1
DA:101,3
DA:107,1
DA:108,1
DA:109,3
DA:110,3
DA:112,1
DA:114,1
DA:115,1
DA:117,1
DA:118,1
DA:119,1
DA:120,1
DA:123,0
DA:124,1
DA:125,3
DA:126,1
DA:128,1
DA:129,1
DA:130,1
DA:131,1
DA:132,3
DA:140,2
DA:141,2
DA:142,0
DA:144,0
DA:149,1
DA:150,1
DA:153,1
DA:154,1
LF:81
LH:71
end_of_record
SF:lib/src/modules/readqrcode/scanner_view/scanner_camera_view.dart
DA:17,1
DA:19,1
DA:20,1
DA:34,1
DA:36,4
DA:37,1
DA:40,0
DA:42,0
DA:44,0
DA:48,0
DA:49,0
DA:50,0
DA:51,0
DA:55,1
DA:56,1
DA:58,1
DA:61,1
DA:66,0
DA:68,1
DA:69,1
DA:70,2
DA:74,1
DA:75,0
DA:76,0
DA:77,0
DA:80,0
DA:81,0
DA:85,0
DA:86,0
DA:87,0
DA:88,0
DA:90,0
DA:93,0
DA:94,0
DA:95,0
DA:97,0
DA:98,0
DA:100,0
DA:102,0
DA:104,0
DA:105,0
DA:106,0
DA:107,0
DA:108,0
DA:109,0
DA:110,0
DA:111,0
DA:114,0
DA:119,0
DA:121,0
DA:123,0
DA:124,0
DA:125,0
DA:126,0
DA:127,0
DA:128,0
DA:132,0
DA:133,0
DA:134,0
DA:136,0
DA:137,0
DA:141,0
DA:142,0
DA:143,0
DA:144,0
DA:146,0
DA:147,0
DA:151,0
DA:152,0
DA:153,0
DA:154,0
DA:156,0
DA:157,0
DA:161,3
DA:163,0
DA:165,1
DA:167,1
DA:168,1
DA:173,1
DA:175,1
DA:180,1
DA:182,1
DA:183,1
DA:185,1
DA:187,2
DA:189,1
DA:199,1
DA:201,1
DA:203,2
DA:205,1
DA:220,1
DA:221,4
DA:222,3
DA:223,0
DA:224,0
DA:226,0
DA:229,0
DA:231,0
DA:233,0
DA:234,0
DA:235,0
DA:236,0
DA:237,0
DA:239,0
DA:242,0
DA:243,0
DA:244,0
DA:245,0
DA:246,0
DA:248,0
DA:253,1
DA:254,1
DA:255,1
DA:256,1
DA:257,3
DA:258,3
DA:264,3
DA:272,1
DA:274,1
DA:275,1
DA:277,2
DA:279,0
DA:285,1
DA:287,2
DA:288,0
DA:289,2
DA:291,1
DA:292,1
DA:293,1
DA:294,1
DA:295,1
DA:301,1
DA:303,2
DA:305,1
DA:316,1
DA:318,2
DA:319,2
DA:320,2
DA:321,2
DA:322,2
DA:323,1
LF:141
LH:62
end_of_record
SF:lib/src/modules/createqrcode/create_qr_code_menu/view/components/create_qrcode_menu_item.dart
DA:7,1
DA:9,1
DA:11,1
DA:13,1
DA:15,1
DA:16,1
DA:17,1
DA:18,1
DA:19,2
DA:20,2
DA:22,2
DA:23,1
DA:24,1
DA:27,0
DA:28,0
DA:29,0
DA:31,1
DA:32,2
DA:35,1
DA:36,3
DA:37,1
DA:38,2
DA:39,3
LF:23
LH:20
end_of_record
SF:lib/src/shared/models/create_qrcode_item_model.dart
DA:8,1
LF:1
LH:1
end_of_record
SF:lib/src/modules/createqrcode/create_qr_code_menu/view/create_qrcode_menu_view.dart
DA:9,5
DA:11,1
DA:12,1
DA:18,1
DA:20,2
DA:21,1
DA:23,3
DA:27,1
DA:29,3
DA:33,1
DA:35,3
DA:39,1
DA:41,3
DA:45,1
DA:47,3
DA:51,1
DA:53,3
DA:57,1
DA:59,3
DA:63,1
DA:69,3
DA:72,1
DA:78,3
DA:82,1
DA:84,3
DA:88,1
DA:90,3
DA:94,1
DA:96,3
DA:100,1
DA:102,3
DA:106,1
DA:108,3
DA:112,1
DA:114,3
DA:119,1
DA:122,1
DA:124,1
DA:125,2
DA:131,2
DA:132,4
DA:133,2
LF:42
LH:42
end_of_record
SF:lib/src/modules/help/help_view/components/button_help_widget.dart
DA:6,1
DA:9,1
DA:11,1
DA:13,1
DA:14,2
DA:15,1
DA:16,1
DA:18,3
DA:21,0
DA:22,0
DA:23,0
DA:24,0
DA:26,1
DA:27,3
DA:28,1
DA:29,1
DA:31,1
DA:33,1
DA:34,1
DA:35,3
LF:20
LH:16
end_of_record
SF:lib/src/modules/page_view/controller/my_page_view_controller.dart
DA:8,0
DA:9,0
DA:10,0
DA:11,0
DA:14,1
DA:15,2
DA:16,2
DA:17,2
DA:20,1
DA:21,2
DA:22,2
DA:23,2
DA:26,1
DA:27,1
DA:28,0
DA:29,1
DA:30,1
DA:31,1
DA:32,1
DA:36,1
DA:37,2
DA:38,2
DA:39,2
LF:23
LH:18
end_of_record
SF:lib/src/shared/admob/controller/admob_controller.dart
DA:4,0
LF:1
LH:0
end_of_record
SF:lib/src/shared/admob/widget/native_ad.dart
DA:9,15
DA:16,3
DA:17,3
DA:24,3
DA:26,6
DA:27,6
DA:28,6
DA:29,6
DA:30,3
DA:31,0
DA:32,0
DA:33,0
DA:34,0
DA:35,0
DA:38,6
DA:41,6
DA:42,3
DA:45,3
DA:47,3
DA:48,3
DA:49,3
DA:50,0
DA:51,0
DA:66,3
DA:68,6
DA:69,6
DA:70,3
LF:27
LH:20
end_of_record
SF:lib/src/modules/readqrcode/read_qr_code_menu/read_qr_code_view.dart
DA:11,5
DA:12,1
DA:13,1
DA:19,3
DA:21,1
DA:23,1
DA:25,1
DA:26,1
DA:28,1
DA:34,1
DA:36,1
DA:38,1
DA:40,3
DA:45,1
DA:46,1
DA:48,1
DA:49,1
DA:50,1
DA:51,1
DA:52,1
DA:55,0
DA:56,0
DA:57,0
DA:59,0
DA:63,1
DA:64,3
DA:65,3
DA:66,1
DA:68,1
DA:69,1
DA:70,1
DA:71,1
DA:72,3
DA:82,1
DA:83,1
DA:84,1
DA:85,1
DA:88,0
DA:89,0
DA:90,0
DA:92,0
DA:95,0
DA:100,1
DA:101,3
DA:102,3
DA:103,1
DA:105,1
DA:106,1
DA:107,1
DA:108,1
DA:109,3
LF:51
LH:42
end_of_record
SF:lib/src/modules/settings/settings_page/settings_page.dart
DA:15,5
DA:17,1
DA:19,1
DA:20,1
DA:31,1
DA:32,3
DA:33,1
LF:7
LH:7
end_of_record
SF:lib/src/modules/readqrcode/read_qr_code_menu/controller/read_qr_code_menu_controller.dart
DA:10,4
DA:12,0
DA:13,0
DA:14,0
DA:16,0
DA:17,0
DA:20,0
DA:22,0
DA:23,0
DA:26,0
DA:28,0
DA:33,0
DA:34,0
DA:35,0
DA:36,0
DA:39,0
DA:41,0
DA:45,0
DA:46,0
DA:49,0
DA:50,0
DA:51,0
DA:52,0
DA:53,0
DA:54,0
DA:55,0
DA:56,0
DA:68,0
DA:69,0
DA:70,0
DA:71,0
DA:73,0
DA:74,0
LF:33
LH:1
end_of_record
SF:lib/src/modules/readqrcode/result_read_code/components/button_url.dart
DA:10,0
DA:12,0
DA:13,0
DA:19,0
DA:21,0
DA:22,0
DA:23,0
DA:24,0
DA:27,0
DA:28,0
DA:29,0
DA:35,0
DA:36,0
DA:37,0
DA:39,0
DA:40,0
DA:41,0
DA:42,0
LF:18
LH:0
end_of_record
SF:lib/src/shared/launch_link/launch_link.dart
DA:6,0
DA:7,0
DA:10,0
DA:12,0
DA:14,0
DA:17,0
DA:18,0
LF:7
LH:0
end_of_record
SF:lib/src/modules/readqrcode/scanner_view/components/overlay_barcode/components/center_of_screen_barcode_widget.dart
DA:5,4
DA:7,1
DA:9,1
DA:14,1
DA:15,5
DA:21,1
DA:23,4
DA:24,2
DA:26,1
DA:29,1
DA:31,1
DA:32,4
DA:33,1
DA:34,4
DA:35,1
DA:39,1
DA:40,4
DA:41,0
DA:43,4
DA:44,3
DA:45,4
DA:47,5
DA:48,0
DA:52,1
DA:54,1
DA:55,1
DA:56,2
DA:57,1
DA:58,1
DA:59,1
DA:60,1
DA:62,1
DA:71,1
DA:73,2
DA:74,1
LF:35
LH:33
end_of_record
SF:lib/src/modules/readqrcode/scanner_view/components/overlay_barcode/components/side_bar_overlay_barcode_widget.dart
DA:4,4
DA:6,1
DA:8,1
DA:9,1
LF:4
LH:4
end_of_record
SF:lib/src/modules/readqrcode/scanner_view/components/overlay_barcode/components/top_and_bottom_bar_overlay_barcode_widget.dart
DA:4,4
DA:6,1
DA:8,1
DA:9,1
LF:4
LH:4
end_of_record
SF:lib/src/modules/readqrcode/scanner_view/components/overlay_barcode/overlay_camera_barcode_widget.dart
DA:8,4
DA:10,1
LF:2
LH:2
end_of_record
SF:lib/src/modules/readqrcode/scanner_view/components/overlay_qrcode/components/center_of_screen_qrcode_widget.dart
DA:5,4
DA:7,1
DA:9,1
DA:19,1
DA:21,4
DA:22,2
DA:23,1
DA:26,1
DA:28,6
DA:29,1
DA:33,1
DA:34,4
DA:35,4
DA:37,4
DA:38,0
DA:39,0
DA:41,3
DA:42,0
DA:46,1
DA:48,1
DA:49,1
DA:50,2
DA:51,1
DA:52,1
DA:53,3
DA:54,1
DA:64,1
DA:66,2
DA:67,2
DA:68,1
LF:30
LH:27
end_of_record
SF:lib/src/modules/readqrcode/scanner_view/components/overlay_qrcode/components/side_bar_overlay_qrcode_widget.dart
DA:4,4
DA:6,1
DA:8,1
DA:9,1
LF:4
LH:4
end_of_record
SF:lib/src/modules/readqrcode/scanner_view/components/overlay_qrcode/components/top_and_botton_bar_overlay_qrcode_widget.dart
DA:4,4
DA:6,1
DA:8,1
DA:9,1
LF:4
LH:4
end_of_record
SF:lib/src/modules/readqrcode/scanner_view/components/overlay_qrcode/overlay_camera_qrcode_widget.dart
DA:8,4
DA:10,1
LF:2
LH:2
end_of_record
SF:lib/src/modules/settings/settings_page/components/button_contact.dart
DA:8,4
DA:10,1
DA:12,1
DA:14,1
DA:15,2
DA:16,1
DA:17,1
DA:19,3
DA:22,0
DA:23,1
DA:24,3
DA:25,1
DA:26,1
DA:27,1
DA:29,1
DA:30,3
DA:33,1
DA:35,1
DA:36,2
DA:37,3
LF:20
LH:19
end_of_record
SF:lib/src/modules/settings/settings_page/components/button_custom_qrcode.dart
DA:6,4
DA:8,1
DA:10,1
DA:12,1
DA:13,2
DA:14,1
DA:15,1
DA:17,3
DA:20,0
DA:21,1
DA:22,3
DA:23,1
DA:24,1
DA:25,1
DA:27,1
DA:29,3
DA:33,1
DA:35,1
DA:36,2
DA:37,3
LF:20
LH:19
end_of_record
SF:lib/src/modules/settings/settings_page/components/button_help.dart
DA:6,4
DA:8,1
DA:10,1
DA:12,1
DA:13,2
DA:14,1
DA:15,1
DA:17,3
DA:20,0
DA:21,1
DA:22,3
DA:23,1
DA:24,1
DA:25,1
DA:27,1
DA:29,3
DA:33,1
DA:35,1
DA:36,2
DA:37,3
LF:20
LH:19
end_of_record
SF:lib/src/modules/settings/settings_page/components/button_premium.dart
DA:9,4
DA:11,1
DA:13,1
DA:15,1
DA:16,2
DA:17,1
DA:18,1
DA:21,1
DA:22,1
DA:25,0
DA:27,1
DA:29,1
DA:34,1
DA:35,1
DA:36,1
LF:15
LH:14
end_of_record
SF:lib/src/modules/settings/settings_page/components/button_rate_app.dart
DA:8,4
DA:10,1
DA:12,1
DA:14,1
DA:15,2
DA:16,1
DA:17,1
DA:19,3
DA:22,0
DA:24,1
DA:25,3
DA:26,1
DA:27,1
DA:28,1
DA:30,1
DA:32,3
DA:36,1
DA:38,1
DA:39,2
DA:40,3
LF:20
LH:19
end_of_record
SF:lib/src/modules/settings/settings_page/components/button_switch_language.dart
DA:8,4
DA:10,1
DA:11,1
DA:15,3
DA:19,0
DA:21,1
DA:23,4
DA:24,0
DA:25,4
DA:27,0
DA:28,4
DA:30,0
DA:32,1
DA:35,0
DA:36,0
DA:37,0
DA:41,0
DA:43,0
DA:47,0
DA:48,0
DA:54,0
DA:55,0
DA:56,0
DA:57,0
DA:58,0
DA:59,0
DA:61,0
DA:62,0
DA:63,0
DA:64,0
DA:65,0
DA:66,0
DA:70,0
DA:71,0
DA:72,0
DA:73,0
DA:75,0
DA:76,0
DA:78,0
DA:79,0
DA:81,0
DA:82,0
DA:86,0
DA:87,0
DA:88,0
DA:89,0
DA:90,0
DA:92,0
DA:95,0
DA:97,0
DA:98,0
DA:99,0
DA:100,0
DA:102,0
DA:103,0
DA:116,1
DA:118,1
DA:119,3
DA:120,1
DA:121,1
DA:123,3
DA:126,0
DA:127,1
DA:128,4
DA:129,1
DA:130,1
DA:131,1
DA:133,1
DA:134,1
DA:136,1
DA:137,1
DA:141,1
DA:143,1
DA:144,2
DA:145,3
DA:155,1
DA:157,2
DA:158,1
LF:78
LH:31
end_of_record
SF:lib/src/modules/settings/settings_page/components/button_switch_theme.dart
DA:8,4
DA:10,1
DA:11,1
DA:15,3
DA:17,2
DA:18,1
DA:20,4
DA:26,1
DA:28,4
DA:29,1
DA:30,0
DA:31,0
DA:33,0
DA:35,1
DA:38,4
DA:40,4
DA:46,0
DA:47,0
DA:49,0
DA:50,0
DA:52,0
DA:53,0
DA:54,0
DA:57,0
DA:63,0
DA:64,0
DA:69,0
DA:70,0
DA:77,0
DA:79,0
DA:80,0
DA:81,0
DA:82,0
DA:83,0
DA:84,0
DA:86,0
DA:87,0
DA:88,0
DA:89,0
DA:90,0
DA:91,0
DA:95,0
DA:96,0
DA:97,0
DA:98,0
DA:100,0
DA:102,0
DA:103,0
DA:105,0
DA:106,0
DA:110,0
DA:111,0
DA:113,0
DA:114,0
DA:115,0
DA:116,0
DA:117,0
DA:118,0
DA:119,0
DA:120,0
DA:121,0
DA:122,0
DA:125,0
DA:129,0
DA:131,0
DA:132,0
DA:133,0
DA:134,0
DA:136,0
DA:137,0
DA:138,0
DA:151,1
DA:153,1
DA:154,3
DA:155,1
DA:156,1
DA:158,3
DA:161,0
DA:162,1
DA:163,4
DA:164,1
DA:165,1
DA:166,1
DA:168,1
DA:169,1
DA:170,1
DA:175,1
DA:177,1
DA:178,2
DA:179,3
DA:189,1
DA:191,2
DA:192,1
LF:93
LH:34
end_of_record
SF:lib/src/shared/services/local_storage_shared_preferrence.dart
DA:7,5
DA:9,5
DA:11,0
DA:13,0
DA:14,0
DA:17,0
DA:19,0
DA:20,0
DA:21,0
DA:22,0
DA:23,0
DA:25,0
DA:30,0
DA:32,0
DA:33,0
LF:15
LH:2
end_of_record
SF:lib/src/modules/createqrcode/create_qr_code/controller/create_qr_code_controller.dart
DA:12,1
DA:14,0
DA:15,0
DA:16,0
DA:18,0
DA:21,0
DA:23,0
DA:26,0
DA:27,0
DA:28,0
LF:10
LH:1
end_of_record
SF:lib/src/modules/createqrcode/create_qr_code/view/components/base_for_form/base_for_form.dart
DA:5,3
DA:8,5
DA:10,2
DA:12,0
DA:14,0
DA:16,0
DA:17,0
DA:18,0
DA:23,1
DA:27,1
DA:28,2
DA:29,1
DA:30,1
DA:31,1
DA:32,1
DA:35,0
DA:36,1
DA:38,1
DA:39,1
DA:40,2
DA:41,3
LF:21
LH:15
end_of_record
SF:lib/src/modules/createqrcode/create_qr_code/view/components/body_form_contact/body_form_contact.dart
DA:8,5
DA:10,1
DA:11,1
DA:19,3
DA:21,0
DA:22,0
DA:24,1
DA:26,1
DA:27,2
DA:28,1
DA:30,1
DA:31,1
DA:32,1
DA:33,3
DA:34,3
DA:35,3
DA:37,1
DA:38,0
DA:39,0
DA:42,0
DA:43,0
DA:46,1
DA:47,1
DA:49,3
DA:58,1
DA:59,1
DA:60,3
DA:61,3
DA:62,3
DA:64,1
DA:66,0
DA:67,0
DA:70,0
DA:71,0
DA:74,1
DA:75,1
DA:77,3
DA:86,1
DA:87,4
DA:88,2
DA:90,1
DA:91,1
DA:98,1
DA:100,2
DA:101,2
DA:102,1
LF:46
LH:36
end_of_record
SF:lib/src/modules/createqrcode/create_qr_code/view/components/body_form_facebook/body_form_facebook.dart
DA:8,5
DA:10,1
DA:11,1
DA:17,3
DA:19,0
DA:20,0
DA:21,0
DA:22,0
DA:24,1
DA:26,1
DA:27,2
DA:28,1
DA:30,1
DA:31,1
DA:32,1
DA:33,3
DA:34,3
DA:35,3
DA:37,1
DA:39,1
DA:40,1
DA:41,4
DA:42,1
DA:43,2
DA:44,3
DA:47,1
DA:48,4
DA:49,1
DA:50,2
DA:51,3
DA:54,1
DA:55,2
DA:56,3
DA:61,1
DA:62,1
DA:63,3
DA:64,3
DA:65,3
DA:67,1
DA:68,0
DA:69,0
DA:72,0
DA:73,0
DA:76,1
DA:77,1
DA:79,3
DA:88,1
DA:89,4
DA:90,2
DA:92,1
DA:93,1
DA:100,1
DA:102,2
DA:103,1
LF:54
LH:46
end_of_record
SF:lib/src/modules/createqrcode/create_qr_code/view/components/body_form_github/body_form_github.dart
DA:8,5
DA:10,1
DA:11,1
DA:16,3
DA:18,0
DA:19,0
DA:20,0
DA:21,0
DA:23,1
DA:25,1
DA:26,2
DA:27,1
DA:29,1
DA:30,1
DA:31,1
DA:32,3
DA:33,3
DA:34,3
DA:36,1
DA:37,2
DA:38,3
DA:41,1
DA:42,1
DA:43,3
DA:44,3
DA:45,3
DA:47,1
DA:48,0
DA:49,0
DA:52,0
DA:53,0
DA:56,1
DA:57,1
DA:59,3
DA:68,1
DA:69,4
DA:70,2
DA:72,1
DA:73,1
DA:80,1
DA:82,2
DA:83,1
LF:42
LH:34
end_of_record
SF:lib/src/modules/createqrcode/create_qr_code/view/components/body_form_instagram/body_form_instagram.dart
DA:8,5
DA:10,1
DA:11,1
DA:17,3
DA:19,0
DA:20,0
DA:21,0
DA:22,0
DA:24,1
DA:26,1
DA:27,2
DA:28,1
DA:30,1
DA:31,1
DA:32,1
DA:33,3
DA:34,3
DA:35,3
DA:37,1
DA:38,2
DA:39,3
DA:42,1
DA:43,1
DA:44,3
DA:45,3
DA:46,3
DA:48,1
DA:49,0
DA:50,0
DA:53,0
DA:54,0
DA:57,1
DA:58,1
DA:59,1
DA:60,1
DA:69,1
DA:70,4
DA:71,2
DA:73,1
DA:74,1
DA:81,1
DA:83,2
DA:84,1
LF:43
LH:35
end_of_record
SF:lib/src/modules/createqrcode/create_qr_code/view/components/body_form_link/body_form_link.dart
DA:8,5
DA:10,1
DA:11,1
DA:17,3
DA:19,0
DA:20,0
DA:21,0
DA:22,0
DA:24,1
DA:26,1
DA:27,2
DA:28,1
DA:30,1
DA:31,1
DA:32,1
DA:33,3
DA:34,3
DA:35,3
DA:37,1
DA:38,2
DA:39,3
DA:42,1
DA:43,1
DA:44,3
DA:45,3
DA:46,3
DA:48,1
DA:49,0
DA:50,0
DA:53,0
DA:54,0
DA:57,1
DA:68,1
DA:69,4
DA:70,2
DA:72,1
DA:73,1
DA:80,1
DA:82,2
DA:83,1
LF:40
LH:32
end_of_record
SF:lib/src/modules/createqrcode/create_qr_code/view/components/body_form_onlyfans/body_form_onlyfans.dart
DA:8,5
DA:10,1
DA:11,1
DA:17,3
DA:19,0
DA:20,0
DA:21,0
DA:22,0
DA:24,1
DA:26,1
DA:27,2
DA:28,1
DA:30,1
DA:31,1
DA:32,4
DA:33,1
DA:34,2
DA:35,3
DA:38,1
DA:39,1
DA:40,3
DA:41,3
DA:42,3
DA:44,1
DA:45,0
DA:46,0
DA:49,0
DA:50,0
DA:53,1
DA:54,1
DA:56,3
DA:65,1
DA:66,4
DA:67,2
DA:69,1
DA:70,1
DA:77,1
DA:79,2
DA:80,1
LF:39
LH:31
end_of_record
SF:lib/src/modules/createqrcode/create_qr_code/view/components/body_form_privacy/body_form_privacy.dart
DA:8,5
DA:10,1
DA:11,1
DA:17,3
DA:19,0
DA:20,0
DA:21,0
DA:22,0
DA:24,1
DA:26,1
DA:27,2
DA:28,1
DA:30,1
DA:31,1
DA:32,4
DA:33,1
DA:34,2
DA:35,3
DA:38,1
DA:39,1
DA:40,3
DA:41,3
DA:42,3
DA:44,1
DA:45,0
DA:46,0
DA:49,0
DA:50,0
DA:53,1
DA:54,1
DA:56,3
DA:65,1
DA:66,4
DA:67,2
DA:69,1
DA:70,1
DA:77,1
DA:79,2
DA:80,1
LF:39
LH:31
end_of_record
SF:lib/src/modules/createqrcode/create_qr_code/view/components/body_form_reddit/body_form_reddit.dart
DA:8,5
DA:10,1
DA:11,1
DA:17,3
DA:19,0
DA:20,0
DA:21,0
DA:22,0
DA:24,1
DA:26,1
DA:27,2
DA:28,1
DA:30,1
DA:31,1
DA:32,1
DA:33,3
DA:34,3
DA:35,3
DA:37,1
DA:39,1
DA:40,1
DA:41,4
DA:42,1
DA:43,2
DA:44,3
DA:47,1
DA:48,2
DA:49,3
DA:54,1
DA:55,1
DA:56,3
DA:57,3
DA:58,3
DA:60,1
DA:61,0
DA:62,0
DA:65,0
DA:66,0
DA:69,1
DA:70,1
DA:72,3
DA:81,1
DA:82,4
DA:83,2
DA:85,1
DA:86,1
DA:93,1
DA:95,2
DA:96,1
LF:49
LH:41
end_of_record
SF:lib/src/modules/createqrcode/create_qr_code/view/components/body_form_text/body_form_text.dart
DA:8,5
DA:10,1
DA:11,1
DA:17,3
DA:19,0
DA:21,1
DA:23,1
DA:24,2
DA:25,1
DA:27,1
DA:28,1
DA:29,1
DA:30,3
DA:31,3
DA:32,3
DA:34,1
DA:35,0
DA:36,0
DA:39,0
DA:40,0
DA:43,1
DA:44,1
DA:46,3
DA:55,1
DA:56,4
DA:57,2
DA:59,1
DA:60,1
DA:67,1
DA:69,2
DA:70,1
LF:31
LH:26
end_of_record
SF:lib/src/modules/createqrcode/create_qr_code/view/components/body_form_tiktok/body_form_tiktok.dart
DA:8,5
DA:10,1
DA:11,1
DA:16,3
DA:18,0
DA:19,0
DA:20,0
DA:21,0
DA:23,1
DA:25,1
DA:26,2
DA:27,1
DA:29,1
DA:30,1
DA:31,1
DA:32,3
DA:33,3
DA:34,3
DA:36,1
DA:37,2
DA:38,3
DA:41,1
DA:42,1
DA:43,3
DA:44,3
DA:45,3
DA:47,1
DA:48,0
DA:49,0
DA:52,0
DA:53,0
DA:56,1
DA:57,1
DA:58,1
DA:59,1
DA:68,1
DA:69,4
DA:70,2
DA:72,1
DA:73,1
DA:80,1
DA:82,2
DA:83,1
LF:43
LH:35
end_of_record
SF:lib/src/modules/createqrcode/create_qr_code/view/components/body_form_twitch/body_form_twitch.dart
DA:8,5
DA:10,1
DA:11,1
DA:17,3
DA:19,0
DA:20,0
DA:21,0
DA:22,0
DA:24,1
DA:26,1
DA:27,2
DA:28,1
DA:30,1
DA:31,1
DA:32,1
DA:33,3
DA:34,3
DA:35,3
DA:37,1
DA:38,2
DA:39,3
DA:42,1
DA:43,1
DA:44,3
DA:45,3
DA:46,3
DA:48,1
DA:49,0
DA:50,0
DA:53,0
DA:54,0
DA:57,1
DA:58,1
DA:60,3
DA:69,1
DA:70,4
DA:71,2
DA:73,1
DA:74,1
DA:81,1
DA:83,2
DA:84,1
LF:42
LH:34
end_of_record
SF:lib/src/modules/createqrcode/create_qr_code/view/components/body_form_twitter/body_form_twitter.dart
DA:8,5
DA:10,1
DA:11,1
DA:17,3
DA:19,0
DA:20,0
DA:21,0
DA:22,0
DA:24,1
DA:26,1
DA:27,2
DA:28,1
DA:30,1
DA:31,1
DA:32,1
DA:33,3
DA:34,3
DA:35,3
DA:37,1
DA:38,2
DA:39,3
DA:42,1
DA:43,1
DA:44,3
DA:45,3
DA:46,3
DA:48,1
DA:49,0
DA:50,0
DA:53,0
DA:54,0
DA:57,1
DA:58,1
DA:59,1
DA:60,1
DA:69,1
DA:70,4
DA:71,2
DA:73,1
DA:74,1
DA:81,1
DA:83,2
DA:84,1
LF:43
LH:35
end_of_record
SF:lib/src/modules/createqrcode/create_qr_code/view/components/body_form_whatsapp/body_form_whatsapp.dart
DA:8,5
DA:10,1
DA:11,1
DA:16,3
DA:18,0
DA:19,0
DA:21,1
DA:23,1
DA:24,2
DA:25,1
DA:27,1
DA:28,1
DA:29,1
DA:30,3
DA:31,3
DA:32,3
DA:34,1
DA:36,0
DA:37,0
DA:40,0
DA:41,0
DA:44,1
DA:45,1
DA:47,3
DA:56,1
DA:57,4
DA:58,2
DA:60,1
DA:61,1
DA:68,1
DA:70,2
DA:71,1
LF:32
LH:26
end_of_record
SF:lib/src/modules/createqrcode/create_qr_code/view/components/body_form_wifi/body_form_wifi.dart
DA:8,5
DA:10,1
DA:11,1
DA:20,3
DA:22,0
DA:23,0
DA:25,3
DA:30,0
DA:31,0
DA:33,1
DA:35,1
DA:36,2
DA:38,1
DA:40,1
DA:41,1
DA:42,1
DA:43,3
DA:44,3
DA:45,3
DA:47,1
DA:48,2
DA:49,3
DA:52,1
DA:53,1
DA:54,3
DA:55,3
DA:56,3
DA:58,1
DA:59,0
DA:60,0
DA:63,0
DA:64,0
DA:67,1
DA:68,1
DA:70,3
DA:79,1
DA:80,4
DA:81,1
DA:83,1
DA:84,1
DA:85,2
DA:86,3
DA:88,1
DA:89,1
DA:90,1
DA:91,1
DA:92,1
DA:93,2
DA:94,1
DA:95,1
DA:96,2
DA:98,1
DA:101,1
DA:102,0
DA:103,0
DA:110,1
DA:111,1
DA:112,3
DA:113,3
DA:114,3
DA:116,1
DA:117,0
DA:118,0
DA:119,0
DA:122,0
DA:123,0
DA:126,0
DA:127,0
DA:130,1
DA:131,1
DA:133,3
DA:142,1
DA:143,4
DA:144,2
DA:146,1
DA:147,1
DA:154,1
DA:156,2
DA:157,2
DA:158,2
DA:159,1
LF:81
LH:64
end_of_record
SF:lib/src/modules/createqrcode/create_qr_code/view/components/body_form_youtube/body_form_youtube.dart
DA:8,5
DA:10,1
DA:11,1
DA:17,3
DA:19,0
DA:20,0
DA:21,0
DA:22,0
DA:23,0
DA:24,0
DA:26,1
DA:28,1
DA:29,2
DA:30,1
DA:32,1
DA:33,1
DA:34,1
DA:35,3
DA:36,3
DA:37,3
DA:39,1
DA:41,1
DA:42,1
DA:43,4
DA:44,1
DA:45,2
DA:46,3
DA:49,1
DA:50,4
DA:51,1
DA:52,2
DA:53,3
DA:56,1
DA:57,2
DA:58,3
DA:63,1
DA:64,1
DA:65,3
DA:66,3
DA:67,3
DA:69,1
DA:70,0
DA:71,0
DA:74,0
DA:75,0
DA:78,1
DA:79,1
DA:81,3
DA:90,1
DA:91,4
DA:92,2
DA:94,1
DA:95,1
DA:102,1
DA:104,2
DA:105,1
LF:56
LH:46
end_of_record
