SF:lib/core/locale/locale.dart
DA:11,2
DA:13,1
DA:14,2
DA:16,0
DA:17,0
DA:19,0
DA:21,0
DA:22,0
DA:23,0
DA:24,0
DA:25,0
DA:31,0
DA:32,0
DA:33,0
DA:38,1
LF:15
LH:4
end_of_record
SF:lib/core/routes/routes_app.dart
DA:19,0
DA:20,0
DA:21,0
DA:22,0
DA:23,0
DA:25,0
DA:26,0
DA:27,0
DA:28,0
DA:31,0
DA:32,0
DA:36,0
DA:37,0
DA:41,0
DA:42,0
DA:44,0
DA:45,0
DA:46,0
DA:49,0
DA:50,0
DA:52,0
DA:54,0
DA:56,0
DA:57,0
DA:59,0
DA:61,0
DA:63,0
DA:64,0
DA:66,0
DA:67,0
DA:69,0
LF:31
LH:0
end_of_record
SF:lib/core/theme/theme_app.dart
DA:8,2
DA:10,1
DA:11,2
DA:13,0
DA:14,0
DA:15,0
DA:16,0
DA:17,0
DA:18,0
DA:20,0
DA:24,0
DA:25,0
DA:27,0
DA:28,0
DA:29,0
DA:30,0
DA:32,0
DA:40,1
LF:18
LH:4
end_of_record
SF:lib/src/modules/createqrcode/create_qr_code_menu/view/components/create_qrcode_menu_item.dart
DA:7,1
DA:9,1
DA:11,2
DA:13,1
DA:15,1
DA:16,1
DA:17,1
DA:18,1
DA:19,2
DA:20,2
DA:22,2
DA:23,1
DA:24,1
DA:27,0
DA:28,0
DA:29,0
DA:31,1
DA:32,2
DA:35,1
DA:36,3
DA:37,1
DA:38,2
DA:39,3
LF:23
LH:20
end_of_record
SF:lib/src/modules/createqrcode/create_qr_code_menu/view/create_qrcode_menu_view.dart
DA:9,2
DA:11,1
DA:12,1
DA:16,2
DA:17,1
DA:19,3
DA:23,1
DA:25,3
DA:29,1
DA:31,3
DA:35,1
DA:37,3
DA:41,1
DA:43,3
DA:47,1
DA:49,3
DA:53,1
DA:55,3
DA:59,1
DA:61,3
DA:65,1
DA:67,3
DA:71,1
DA:73,3
DA:77,1
DA:79,3
DA:83,1
DA:85,3
DA:89,1
DA:91,3
DA:97,1
DA:99,1
DA:100,2
DA:106,2
DA:107,2
LF:35
LH:35
end_of_record
SF:lib/src/modules/page_view/view/my_page_view.dart
DA:13,2
DA:14,1
DA:15,1
DA:22,1
DA:24,1
DA:25,1
DA:26,1
DA:29,1
DA:30,1
DA:32,1
DA:33,2
DA:34,0
DA:35,0
DA:36,0
DA:39,1
DA:40,2
DA:41,2
DA:43,3
DA:48,1
DA:50,1
DA:51,2
DA:52,3
DA:57,1
DA:58,2
DA:59,2
DA:61,3
DA:66,1
DA:68,1
DA:69,2
DA:70,3
DA:71,1
DA:72,3
DA:75,1
DA:76,2
DA:77,2
DA:79,3
DA:86,1
DA:87,1
DA:88,2
DA:105,1
DA:107,2
DA:108,2
DA:109,1
LF:43
LH:40
end_of_record
SF:lib/src/shared/popup_notices/popup_notices.dart
DA:4,0
DA:6,0
DA:7,0
DA:9,0
DA:10,0
LF:5
LH:0
end_of_record
SF:lib/src/modules/readqrcode/read_qr_code_menu/read_qr_code_view.dart
DA:11,2
DA:12,1
DA:13,1
DA:19,4
DA:21,1
DA:23,1
DA:25,1
DA:26,1
DA:28,1
DA:34,1
DA:36,1
DA:38,1
DA:40,3
DA:45,1
DA:46,1
DA:48,1
DA:49,1
DA:50,1
DA:51,1
DA:52,1
DA:55,0
DA:56,0
DA:57,0
DA:59,0
DA:63,1
DA:64,3
DA:65,3
DA:66,1
DA:68,1
DA:69,1
DA:70,1
DA:71,1
DA:72,3
DA:82,1
DA:83,1
DA:84,1
DA:85,1
DA:88,0
DA:89,0
DA:90,0
DA:92,0
DA:95,0
DA:100,1
DA:101,3
DA:102,3
DA:103,1
DA:105,1
DA:106,1
DA:107,1
DA:108,1
DA:109,3
LF:51
LH:42
end_of_record
SF:lib/src/modules/settings/settings_page/settings_page.dart
DA:15,1
DA:17,1
DA:19,1
DA:20,1
DA:31,1
DA:32,3
DA:33,1
LF:7
LH:7
end_of_record
SF:lib/src/shared/settings_qrcode/controller/settings_create_qrcode_controller.dart
DA:10,1
DA:12,0
DA:13,0
DA:14,0
DA:28,0
DA:29,0
DA:30,0
DA:31,0
DA:32,0
DA:33,0
DA:35,0
DA:37,0
DA:40,0
DA:41,0
DA:42,0
DA:43,0
DA:45,0
DA:46,0
DA:48,0
DA:51,0
DA:52,0
DA:53,0
DA:54,0
DA:57,0
DA:58,0
DA:59,0
DA:60,0
DA:63,0
DA:64,0
DA:65,0
DA:67,0
DA:69,0
DA:70,0
DA:72,0
DA:76,0
DA:78,0
DA:80,0
DA:82,0
DA:84,0
DA:87,0
DA:90,0
DA:94,0
DA:95,0
DA:98,0
DA:99,0
DA:100,0
DA:101,0
DA:106,1
LF:48
LH:2
end_of_record
SF:lib/src/shared/services/local_storage_shared_preferrence.dart
DA:7,1
DA:9,1
DA:11,0
DA:13,0
DA:14,0
DA:17,0
DA:19,0
DA:20,0
DA:21,0
DA:22,0
DA:23,0
DA:25,0
DA:30,0
DA:32,0
DA:33,0
LF:15
LH:2
end_of_record
SF:lib/core/routes/animations/animated_page_rout_builder_elastic_out.dart
DA:7,0
DA:9,0
DA:12,0
DA:16,0
DA:21,0
DA:22,0
LF:6
LH:0
end_of_record
SF:lib/core/routes/animations/animated_page_rout_builder_left_to_right.dart
DA:7,0
DA:9,0
DA:12,0
DA:16,0
DA:20,0
DA:21,0
DA:24,0
LF:7
LH:0
end_of_record
SF:lib/src/modules/createqrcode/create_qr_code/view/create_qrcode_view.dart
DA:24,0
DA:26,0
DA:27,0
DA:31,0
DA:33,0
DA:34,0
DA:35,0
DA:36,0
DA:37,0
DA:38,0
DA:39,0
DA:40,0
DA:41,0
DA:42,0
DA:43,0
DA:44,0
DA:45,0
DA:46,0
DA:47,0
DA:48,0
DA:49,0
DA:50,0
DA:51,0
DA:52,0
DA:53,0
DA:54,0
DA:55,0
DA:56,0
DA:57,0
DA:58,0
DA:59,0
DA:60,0
DA:61,0
DA:62,0
DA:63,0
DA:64,0
DA:65,0
DA:66,0
DA:67,0
DA:68,0
DA:69,0
DA:70,0
DA:71,0
DA:72,0
DA:74,0
DA:79,0
DA:80,0
DA:81,0
DA:83,0
DA:85,0
DA:87,0
DA:89,0
DA:91,0
DA:93,0
DA:95,0
DA:97,0
DA:99,0
DA:101,0
DA:103,0
DA:105,0
DA:108,0
LF:61
LH:0
end_of_record
SF:lib/src/modules/createqrcode/create_qr_code_result/create_qrcode_result_view.dart
DA:18,0
DA:20,0
DA:21,0
DA:30,0
DA:32,0
DA:33,0
DA:35,0
DA:38,0
DA:40,0
DA:41,0
DA:43,0
DA:45,0
DA:46,0
DA:47,0
DA:48,0
DA:50,0
DA:51,0
DA:52,0
DA:53,0
DA:54,0
DA:55,0
DA:58,0
DA:59,0
DA:61,0
DA:62,0
DA:63,0
DA:65,0
DA:66,0
DA:67,0
DA:69,0
DA:71,0
DA:72,0
DA:73,0
DA:79,0
DA:80,0
DA:81,0
DA:82,0
DA:83,0
DA:85,0
DA:87,0
DA:88,0
DA:89,0
DA:90,0
DA:91,0
DA:94,0
DA:95,0
DA:99,0
DA:101,0
DA:102,0
DA:103,0
DA:104,0
DA:105,0
DA:106,0
DA:107,0
DA:108,0
DA:109,0
DA:120,0
DA:121,0
DA:122,0
DA:123,0
DA:126,0
DA:127,0
DA:129,0
DA:130,0
DA:131,0
DA:132,0
DA:133,0
DA:134,0
DA:135,0
DA:136,0
DA:137,0
LF:71
LH:0
end_of_record
SF:lib/src/modules/help/help_view/help_view.dart
DA:8,1
DA:10,0
DA:12,0
DA:13,0
DA:16,0
DA:17,0
DA:18,0
DA:19,0
DA:20,0
DA:21,0
DA:23,0
DA:24,0
DA:25,0
DA:27,0
DA:28,0
DA:29,0
LF:16
LH:1
end_of_record
SF:lib/src/modules/help/solution_view/solution_view.dart
DA:6,0
DA:9,0
DA:11,0
DA:13,0
DA:14,0
DA:15,0
DA:17,0
DA:18,0
DA:19,0
DA:20,0
DA:21,0
DA:22,0
DA:23,0
DA:24,0
DA:25,0
LF:15
LH:0
end_of_record
SF:lib/src/modules/readqrcode/result_read_code/resultreadcode_view.dart
DA:18,0
DA:20,0
DA:21,0
DA:28,0
DA:30,0
DA:31,0
DA:33,0
DA:35,0
DA:38,0
DA:40,0
DA:42,0
DA:43,0
DA:44,0
DA:45,0
DA:46,0
DA:47,0
DA:49,0
DA:50,0
DA:51,0
DA:52,0
DA:53,0
DA:54,0
DA:56,0
DA:57,0
DA:58,0
DA:61,0
DA:62,0
DA:63,0
DA:65,0
DA:66,0
DA:67,0
DA:68,0
DA:70,0
DA:71,0
DA:73,0
DA:74,0
DA:75,0
DA:76,0
DA:77,0
DA:78,0
DA:80,0
DA:81,0
DA:82,0
DA:87,0
DA:89,0
DA:90,0
DA:91,0
DA:92,0
DA:93,0
DA:96,0
DA:100,0
DA:101,0
DA:107,0
DA:108,0
DA:109,0
DA:110,0
DA:112,0
DA:114,0
DA:115,0
DA:117,0
DA:118,0
DA:119,0
DA:120,0
DA:123,0
DA:124,0
DA:125,0
DA:126,0
DA:128,0
DA:129,0
DA:130,0
DA:131,0
DA:132,0
DA:140,0
DA:141,0
DA:142,0
DA:144,0
DA:149,0
DA:150,0
DA:153,0
DA:154,0
LF:80
LH:0
end_of_record
SF:lib/src/modules/readqrcode/scanner_view/scanner_camera_view.dart
DA:16,0
DA:18,0
DA:19,0
DA:33,0
DA:35,0
DA:36,0
DA:39,0
DA:41,0
DA:43,0
DA:47,0
DA:48,0
DA:49,0
DA:50,0
DA:54,0
DA:55,0
DA:58,0
DA:59,0
DA:61,0
DA:66,0
DA:68,0
DA:69,0
DA:70,0
DA:74,0
DA:76,0
DA:77,0
DA:78,0
DA:81,0
DA:82,0
DA:86,0
DA:87,0
DA:88,0
DA:89,0
DA:91,0
DA:94,0
DA:95,0
DA:96,0
DA:98,0
DA:100,0
DA:101,0
DA:102,0
DA:104,0
DA:107,0
DA:110,0
DA:111,0
DA:115,0
DA:118,0
DA:119,0
DA:120,0
DA:121,0
DA:122,0
DA:123,0
DA:126,0
DA:128,0
DA:136,0
DA:138,0
DA:139,0
DA:140,0
DA:141,0
DA:142,0
DA:143,0
DA:144,0
DA:146,0
DA:150,0
DA:155,0
DA:156,0
DA:157,0
DA:158,0
DA:160,0
DA:161,0
DA:165,0
DA:166,0
DA:167,0
DA:168,0
DA:170,0
DA:171,0
DA:175,0
DA:176,0
DA:177,0
DA:178,0
DA:180,0
DA:181,0
DA:185,0
DA:187,0
DA:189,0
DA:191,0
DA:192,0
DA:197,0
DA:199,0
DA:204,0
DA:206,0
DA:207,0
DA:209,0
DA:211,0
DA:213,0
DA:220,0
DA:222,0
DA:224,0
DA:226,0
DA:238,0
DA:239,0
DA:240,0
DA:241,0
DA:242,0
DA:244,0
DA:247,0
DA:249,0
DA:251,0
DA:252,0
DA:253,0
DA:254,0
DA:255,0
DA:257,0
DA:260,0
DA:261,0
DA:262,0
DA:263,0
DA:264,0
DA:266,0
DA:271,0
DA:272,0
DA:273,0
DA:274,0
DA:275,0
DA:276,0
DA:282,0
DA:290,0
DA:292,0
DA:293,0
DA:295,0
DA:297,0
DA:300,0
DA:302,0
DA:303,0
DA:304,0
DA:306,0
DA:307,0
DA:308,0
DA:309,0
DA:310,0
DA:313,0
DA:315,0
DA:317,0
DA:325,0
DA:327,0
DA:328,0
DA:329,0
DA:330,0
DA:331,0
DA:332,0
LF:149
LH:0
end_of_record
SF:lib/src/modules/settings/settings_qrcode/settings_qrcode_page.dart
DA:11,1
DA:13,0
DA:15,0
DA:16,0
DA:17,0
DA:19,0
LF:6
LH:1
end_of_record
SF:lib/src/modules/createqrcode/create_qr_code/controller/create_qr_code_controller.dart
DA:12,0
DA:14,0
DA:15,0
DA:16,0
DA:18,0
DA:21,0
DA:23,0
DA:26,0
DA:27,0
DA:28,0
LF:10
LH:0
end_of_record
SF:lib/src/modules/createqrcode/create_qr_code/view/components/base_for_form/base_for_form.dart
DA:5,0
DA:8,1
DA:10,0
DA:12,0
DA:14,0
DA:16,0
DA:17,0
DA:18,0
DA:23,0
DA:27,0
DA:28,0
DA:29,0
DA:30,0
DA:31,0
DA:32,0
DA:35,0
DA:36,0
DA:38,0
DA:39,0
DA:40,0
DA:41,0
LF:21
LH:1
end_of_record
SF:lib/src/modules/createqrcode/create_qr_code/view/components/body_form_contact/body_form_contact.dart
DA:8,1
DA:10,0
DA:11,0
DA:21,0
DA:22,0
DA:24,0
DA:26,0
DA:27,0
DA:28,0
DA:30,0
DA:31,0
DA:32,0
DA:33,0
DA:34,0
DA:35,0
DA:37,0
DA:38,0
DA:39,0
DA:42,0
DA:43,0
DA:46,0
DA:47,0
DA:49,0
DA:58,0
DA:59,0
DA:60,0
DA:61,0
DA:62,0
DA:64,0
DA:66,0
DA:67,0
DA:70,0
DA:71,0
DA:74,0
DA:75,0
DA:77,0
DA:86,0
DA:87,0
DA:88,0
DA:90,0
DA:91,0
DA:98,0
DA:100,0
DA:101,0
DA:102,0
LF:45
LH:1
end_of_record
SF:lib/src/modules/createqrcode/create_qr_code/view/components/body_form_facebook/body_form_facebook.dart
DA:8,1
DA:10,0
DA:11,0
DA:19,0
DA:20,0
DA:21,0
DA:22,0
DA:24,0
DA:26,0
DA:27,0
DA:28,0
DA:30,0
DA:31,0
DA:32,0
DA:33,0
DA:34,0
DA:35,0
DA:37,0
DA:39,0
DA:40,0
DA:41,0
DA:42,0
DA:43,0
DA:44,0
DA:47,0
DA:48,0
DA:49,0
DA:50,0
DA:51,0
DA:54,0
DA:55,0
DA:56,0
DA:61,0
DA:62,0
DA:63,0
DA:64,0
DA:65,0
DA:67,0
DA:68,0
DA:69,0
DA:72,0
DA:73,0
DA:76,0
DA:77,0
DA:79,0
DA:88,0
DA:89,0
DA:90,0
DA:92,0
DA:93,0
DA:100,0
DA:102,0
DA:103,0
LF:53
LH:1
end_of_record
SF:lib/src/modules/createqrcode/create_qr_code/view/components/body_form_github/body_form_github.dart
DA:8,1
DA:10,0
DA:11,0
DA:18,0
DA:19,0
DA:20,0
DA:21,0
DA:23,0
DA:25,0
DA:26,0
DA:27,0
DA:29,0
DA:30,0
DA:31,0
DA:32,0
DA:33,0
DA:34,0
DA:36,0
DA:37,0
DA:38,0
DA:41,0
DA:42,0
DA:43,0
DA:44,0
DA:45,0
DA:47,0
DA:48,0
DA:49,0
DA:52,0
DA:53,0
DA:56,0
DA:57,0
DA:59,0
DA:68,0
DA:69,0
DA:70,0
DA:72,0
DA:73,0
DA:80,0
DA:82,0
DA:83,0
LF:41
LH:1
end_of_record
SF:lib/src/modules/createqrcode/create_qr_code/view/components/body_form_instagram/body_form_instagram.dart
DA:8,1
DA:10,0
DA:11,0
DA:19,0
DA:20,0
DA:21,0
DA:22,0
DA:24,0
DA:26,0
DA:27,0
DA:28,0
DA:30,0
DA:31,0
DA:32,0
DA:33,0
DA:34,0
DA:35,0
DA:37,0
DA:38,0
DA:39,0
DA:42,0
DA:43,0
DA:44,0
DA:45,0
DA:46,0
DA:48,0
DA:49,0
DA:50,0
DA:53,0
DA:54,0
DA:57,0
DA:58,0
DA:59,0
DA:60,0
DA:69,0
DA:70,0
DA:71,0
DA:73,0
DA:74,0
DA:81,0
DA:83,0
DA:84,0
LF:42
LH:1
end_of_record
SF:lib/src/modules/createqrcode/create_qr_code/view/components/body_form_link/body_form_link.dart
DA:8,1
DA:10,0
DA:11,0
DA:19,0
DA:20,0
DA:21,0
DA:22,0
DA:24,0
DA:26,0
DA:27,0
DA:28,0
DA:30,0
DA:31,0
DA:32,0
DA:33,0
DA:34,0
DA:35,0
DA:37,0
DA:38,0
DA:39,0
DA:42,0
DA:43,0
DA:44,0
DA:45,0
DA:46,0
DA:48,0
DA:49,0
DA:50,0
DA:53,0
DA:54,0
DA:57,0
DA:68,0
DA:69,0
DA:70,0
DA:72,0
DA:73,0
DA:80,0
DA:82,0
DA:83,0
LF:39
LH:1
end_of_record
SF:lib/src/modules/createqrcode/create_qr_code/view/components/body_form_reddit/body_form_reddit.dart
DA:8,1
DA:10,0
DA:11,0
DA:19,0
DA:20,0
DA:21,0
DA:22,0
DA:24,0
DA:26,0
DA:27,0
DA:28,0
DA:30,0
DA:31,0
DA:32,0
DA:33,0
DA:34,0
DA:35,0
DA:37,0
DA:39,0
DA:40,0
DA:41,0
DA:42,0
DA:43,0
DA:44,0
DA:47,0
DA:48,0
DA:49,0
DA:54,0
DA:55,0
DA:56,0
DA:57,0
DA:58,0
DA:60,0
DA:61,0
DA:62,0
DA:65,0
DA:66,0
DA:69,0
DA:70,0
DA:72,0
DA:81,0
DA:82,0
DA:83,0
DA:85,0
DA:86,0
DA:93,0
DA:95,0
DA:96,0
LF:48
LH:1
end_of_record
SF:lib/src/modules/createqrcode/create_qr_code/view/components/body_form_text/body_form_text.dart
DA:8,1
DA:10,0
DA:11,0
DA:19,0
DA:21,0
DA:23,0
DA:24,0
DA:25,0
DA:27,0
DA:28,0
DA:29,0
DA:30,0
DA:31,0
DA:32,0
DA:34,0
DA:35,0
DA:36,0
DA:39,0
DA:40,0
DA:43,0
DA:44,0
DA:46,0
DA:55,0
DA:56,0
DA:57,0
DA:59,0
DA:60,0
DA:67,0
DA:69,0
DA:70,0
LF:30
LH:1
end_of_record
SF:lib/src/modules/createqrcode/create_qr_code/view/components/body_form_tiktok/body_form_tiktok.dart
DA:8,1
DA:10,0
DA:11,0
DA:18,0
DA:19,0
DA:20,0
DA:21,0
DA:23,0
DA:25,0
DA:26,0
DA:27,0
DA:29,0
DA:30,0
DA:31,0
DA:32,0
DA:33,0
DA:34,0
DA:36,0
DA:37,0
DA:38,0
DA:41,0
DA:42,0
DA:43,0
DA:44,0
DA:45,0
DA:47,0
DA:48,0
DA:49,0
DA:52,0
DA:53,0
DA:56,0
DA:57,0
DA:58,0
DA:59,0
DA:68,0
DA:69,0
DA:70,0
DA:72,0
DA:73,0
DA:80,0
DA:82,0
DA:83,0
LF:42
LH:1
end_of_record
SF:lib/src/modules/createqrcode/create_qr_code/view/components/body_form_twitch/body_form_twitch.dart
DA:8,1
DA:10,0
DA:11,0
DA:19,0
DA:20,0
DA:21,0
DA:22,0
DA:24,0
DA:26,0
DA:27,0
DA:28,0
DA:30,0
DA:31,0
DA:32,0
DA:33,0
DA:34,0
DA:35,0
DA:37,0
DA:38,0
DA:39,0
DA:42,0
DA:43,0
DA:44,0
DA:45,0
DA:46,0
DA:48,0
DA:49,0
DA:50,0
DA:53,0
DA:54,0
DA:57,0
DA:58,0
DA:60,0
DA:69,0
DA:70,0
DA:71,0
DA:73,0
DA:74,0
DA:81,0
DA:83,0
DA:84,0
LF:41
LH:1
end_of_record
SF:lib/src/modules/createqrcode/create_qr_code/view/components/body_form_twitter/body_form_twitter.dart
DA:8,1
DA:10,0
DA:11,0
DA:19,0
DA:20,0
DA:21,0
DA:22,0
DA:24,0
DA:26,0
DA:27,0
DA:28,0
DA:30,0
DA:31,0
DA:32,0
DA:33,0
DA:34,0
DA:35,0
DA:37,0
DA:38,0
DA:39,0
DA:42,0
DA:43,0
DA:44,0
DA:45,0
DA:46,0
DA:48,0
DA:49,0
DA:50,0
DA:53,0
DA:54,0
DA:57,0
DA:58,0
DA:59,0
DA:60,0
DA:69,0
DA:70,0
DA:71,0
DA:73,0
DA:74,0
DA:81,0
DA:83,0
DA:84,0
LF:42
LH:1
end_of_record
SF:lib/src/modules/createqrcode/create_qr_code/view/components/body_form_whatsapp/body_form_whatsapp.dart
DA:8,1
DA:10,0
DA:11,0
DA:18,0
DA:19,0
DA:21,0
DA:23,0
DA:24,0
DA:25,0
DA:27,0
DA:28,0
DA:29,0
DA:30,0
DA:31,0
DA:32,0
DA:34,0
DA:36,0
DA:37,0
DA:40,0
DA:41,0
DA:44,0
DA:45,0
DA:47,0
DA:56,0
DA:57,0
DA:58,0
DA:60,0
DA:61,0
DA:68,0
DA:70,0
DA:71,0
LF:31
LH:1
end_of_record
SF:lib/src/modules/createqrcode/create_qr_code/view/components/body_form_wifi/body_form_wifi.dart
DA:8,1
DA:10,0
DA:11,0
DA:22,0
DA:23,0
DA:25,0
DA:30,0
DA:31,0
DA:33,0
DA:35,0
DA:36,0
DA:38,0
DA:40,0
DA:41,0
DA:42,0
DA:43,0
DA:44,0
DA:45,0
DA:47,0
DA:48,0
DA:49,0
DA:52,0
DA:53,0
DA:54,0
DA:55,0
DA:56,0
DA:58,0
DA:59,0
DA:60,0
DA:63,0
DA:64,0
DA:67,0
DA:68,0
DA:70,0
DA:79,0
DA:80,0
DA:81,0
DA:83,0
DA:84,0
DA:85,0
DA:86,0
DA:88,0
DA:89,0
DA:90,0
DA:91,0
DA:92,0
DA:93,0
DA:94,0
DA:95,0
DA:96,0
DA:98,0
DA:101,0
DA:102,0
DA:103,0
DA:110,0
DA:111,0
DA:112,0
DA:113,0
DA:114,0
DA:116,0
DA:117,0
DA:118,0
DA:119,0
DA:122,0
DA:123,0
DA:126,0
DA:127,0
DA:130,0
DA:131,0
DA:133,0
DA:142,0
DA:143,0
DA:144,0
DA:146,0
DA:147,0
DA:154,0
DA:156,0
DA:157,0
DA:158,0
DA:159,0
LF:80
LH:1
end_of_record
SF:lib/src/modules/createqrcode/create_qr_code/view/components/body_form_youtube/body_form_youtube.dart
DA:8,1
DA:10,0
DA:11,0
DA:19,0
DA:20,0
DA:21,0
DA:22,0
DA:23,0
DA:24,0
DA:26,0
DA:28,0
DA:29,0
DA:30,0
DA:32,0
DA:33,0
DA:34,0
DA:35,0
DA:36,0
DA:37,0
DA:39,0
DA:41,0
DA:42,0
DA:43,0
DA:44,0
DA:45,0
DA:46,0
DA:49,0
DA:50,0
DA:51,0
DA:52,0
DA:53,0
DA:56,0
DA:57,0
DA:58,0
DA:63,0
DA:64,0
DA:65,0
DA:66,0
DA:67,0
DA:69,0
DA:70,0
DA:71,0
DA:74,0
DA:75,0
DA:78,0
DA:79,0
DA:81,0
DA:90,0
DA:91,0
DA:92,0
DA:94,0
DA:95,0
DA:102,0
DA:104,0
DA:105,0
LF:55
LH:1
end_of_record
SF:lib/src/shared/admob/controller/admob_controller.dart
DA:4,0
LF:1
LH:0
end_of_record
SF:lib/src/shared/admob/widget/native_ad.dart
DA:9,3
DA:16,1
DA:17,1
DA:24,1
DA:26,2
DA:27,2
DA:28,2
DA:29,2
DA:30,1
DA:31,0
DA:32,0
DA:33,0
DA:34,0
DA:35,0
DA:38,2
DA:41,2
DA:42,1
DA:45,1
DA:47,1
DA:48,1
DA:49,1
DA:50,0
DA:51,0
DA:53,1
DA:66,1
DA:68,2
DA:69,2
DA:70,1
LF:28
LH:21
end_of_record
SF:lib/src/shared/models/create_qrcode_item_model.dart
DA:8,1
LF:1
LH:1
end_of_record
SF:lib/src/modules/help/help_view/components/button_help_widget.dart
DA:6,0
DA:9,0
DA:11,0
DA:13,0
DA:14,0
DA:15,0
DA:16,0
DA:18,0
DA:21,0
DA:22,0
DA:23,0
DA:24,0
DA:26,0
DA:27,0
DA:28,0
DA:29,0
DA:31,0
DA:33,0
DA:34,0
DA:35,0
LF:20
LH:0
end_of_record
SF:lib/src/modules/page_view/controller/my_page_view_controller.dart
DA:8,0
DA:9,0
DA:10,0
DA:11,0
DA:14,1
DA:15,2
DA:16,2
DA:17,2
DA:20,1
DA:21,2
DA:22,2
DA:23,2
DA:26,1
DA:27,1
DA:28,0
DA:29,1
DA:30,1
DA:31,1
DA:32,1
DA:36,1
DA:37,2
DA:38,2
DA:39,2
LF:23
LH:18
end_of_record
SF:lib/src/modules/readqrcode/read_qr_code_menu/controller/read_qr_code_menu_controller.dart
DA:10,1
DA:12,0
DA:13,0
DA:14,0
DA:16,0
DA:17,0
DA:20,0
DA:22,0
DA:23,0
DA:26,0
DA:28,0
DA:33,0
DA:34,0
DA:35,0
DA:36,0
DA:39,0
DA:41,0
DA:45,0
DA:46,0
DA:49,0
DA:50,0
DA:51,0
DA:52,0
DA:53,0
DA:54,0
DA:55,0
DA:56,0
DA:68,0
DA:69,0
DA:70,0
DA:71,0
DA:73,0
DA:74,0
LF:33
LH:1
end_of_record
SF:lib/src/shared/launch_link/launch_link.dart
DA:6,0
DA:7,0
DA:10,0
DA:12,0
DA:14,0
DA:17,0
DA:18,0
LF:7
LH:0
end_of_record
SF:lib/src/modules/readqrcode/result_read_code/components/button_url.dart
DA:10,0
DA:12,0
DA:13,0
DA:19,0
DA:21,0
DA:22,0
DA:23,0
DA:24,0
DA:27,0
DA:28,0
DA:29,0
DA:35,0
DA:36,0
DA:37,0
DA:39,0
DA:40,0
DA:41,0
DA:42,0
LF:18
LH:0
end_of_record
SF:lib/src/modules/readqrcode/scanner_view/components/overlay_barcode/components/center_of_screen_barcode_widget.dart
DA:5,1
DA:7,0
DA:9,0
DA:21,0
DA:23,0
DA:24,0
DA:26,0
DA:29,0
DA:31,0
DA:32,0
DA:33,0
DA:34,0
DA:35,0
DA:39,0
DA:40,0
DA:41,0
DA:43,0
DA:44,0
DA:45,0
DA:47,0
DA:48,0
DA:52,0
DA:54,0
DA:55,0
DA:56,0
DA:57,0
DA:58,0
DA:59,0
DA:60,0
DA:62,0
DA:71,0
DA:73,0
DA:74,0
LF:33
LH:1
end_of_record
SF:lib/src/modules/readqrcode/scanner_view/components/overlay_barcode/components/side_bar_overlay_barcode_widget.dart
DA:4,1
DA:6,0
DA:8,0
DA:9,0
LF:4
LH:1
end_of_record
SF:lib/src/modules/readqrcode/scanner_view/components/overlay_barcode/components/top_and_bottom_bar_overlay_barcode_widget.dart
DA:4,1
DA:6,0
DA:8,0
DA:9,0
LF:4
LH:1
end_of_record
SF:lib/src/modules/readqrcode/scanner_view/components/overlay_barcode/overlay_camera_barcode_widget.dart
DA:8,1
DA:10,0
DA:12,0
DA:13,0
DA:17,0
DA:18,0
LF:6
LH:1
end_of_record
SF:lib/src/modules/readqrcode/scanner_view/components/overlay_qrcode/components/center_of_screen_qrcode_widget.dart
DA:5,1
DA:7,0
DA:9,0
DA:19,0
DA:21,0
DA:22,0
DA:23,0
DA:26,0
DA:28,0
DA:29,0
DA:33,0
DA:34,0
DA:35,0
DA:37,0
DA:38,0
DA:39,0
DA:41,0
DA:42,0
DA:46,0
DA:48,0
DA:49,0
DA:50,0
DA:51,0
DA:52,0
DA:53,0
DA:54,0
DA:64,0
DA:66,0
DA:67,0
DA:68,0
LF:30
LH:1
end_of_record
SF:lib/src/modules/readqrcode/scanner_view/components/overlay_qrcode/components/side_bar_overlay_qrcode_widget.dart
DA:4,1
DA:6,0
DA:8,0
DA:9,0
LF:4
LH:1
end_of_record
SF:lib/src/modules/readqrcode/scanner_view/components/overlay_qrcode/components/top_and_botton_bar_overlay_qrcode_widget.dart
DA:4,1
DA:6,0
DA:8,0
DA:9,0
LF:4
LH:1
end_of_record
SF:lib/src/modules/readqrcode/scanner_view/components/overlay_qrcode/overlay_camera_qrcode_widget.dart
DA:8,1
DA:10,0
DA:12,0
DA:13,0
DA:17,0
DA:19,0
DA:20,0
LF:7
LH:1
end_of_record
SF:lib/src/modules/settings/settings_page/components/button_contact.dart
DA:8,1
DA:10,1
DA:12,2
DA:14,1
DA:15,2
DA:16,1
DA:17,1
DA:19,3
DA:22,0
DA:23,1
DA:24,3
DA:25,1
DA:26,1
DA:27,1
DA:29,1
DA:30,3
DA:33,1
DA:35,1
DA:36,2
DA:37,3
LF:20
LH:19
end_of_record
SF:lib/src/modules/settings/settings_page/components/button_custom_qrcode.dart
DA:6,1
DA:8,1
DA:10,2
DA:12,1
DA:13,2
DA:14,1
DA:15,1
DA:17,3
DA:20,0
DA:21,1
DA:22,3
DA:23,1
DA:24,1
DA:25,1
DA:27,1
DA:29,3
DA:33,1
DA:35,1
DA:36,2
DA:37,3
LF:20
LH:19
end_of_record
SF:lib/src/modules/settings/settings_page/components/button_help.dart
DA:6,1
DA:8,1
DA:10,2
DA:12,1
DA:13,2
DA:14,1
DA:15,1
DA:17,3
DA:20,0
DA:21,1
DA:22,3
DA:23,1
DA:24,1
DA:25,1
DA:27,1
DA:29,3
DA:33,1
DA:35,1
DA:36,2
DA:37,3
LF:20
LH:19
end_of_record
SF:lib/src/modules/settings/settings_page/components/button_premium.dart
DA:9,1
DA:11,1
DA:13,2
DA:15,1
DA:16,2
DA:17,1
DA:18,1
DA:21,1
DA:22,1
DA:25,0
DA:27,1
DA:29,1
DA:34,1
DA:35,1
DA:36,1
LF:15
LH:14
end_of_record
SF:lib/src/modules/settings/settings_page/components/button_rate_app.dart
DA:8,1
DA:10,1
DA:12,2
DA:14,1
DA:15,2
DA:16,1
DA:17,1
DA:19,3
DA:22,0
DA:24,1
DA:25,3
DA:26,1
DA:27,1
DA:28,1
DA:30,1
DA:32,3
DA:36,1
DA:38,1
DA:39,2
DA:40,3
LF:20
LH:19
end_of_record
SF:lib/src/modules/settings/settings_page/components/button_switch_language.dart
DA:8,1
DA:10,1
DA:11,1
DA:15,4
DA:19,0
DA:21,1
DA:23,4
DA:24,0
DA:25,4
DA:27,0
DA:28,4
DA:30,0
DA:32,1
DA:35,0
DA:36,0
DA:37,0
DA:41,0
DA:43,0
DA:47,0
DA:48,0
DA:54,0
DA:55,0
DA:56,0
DA:57,0
DA:58,0
DA:59,0
DA:61,0
DA:62,0
DA:63,0
DA:64,0
DA:65,0
DA:66,0
DA:70,0
DA:71,0
DA:72,0
DA:73,0
DA:75,0
DA:76,0
DA:78,0
DA:79,0
DA:81,0
DA:82,0
DA:86,0
DA:87,0
DA:88,0
DA:89,0
DA:90,0
DA:92,0
DA:95,0
DA:97,0
DA:98,0
DA:99,0
DA:100,0
DA:102,0
DA:103,0
DA:116,1
DA:118,1
DA:119,3
DA:120,1
DA:121,1
DA:123,3
DA:126,0
DA:127,1
DA:128,4
DA:129,1
DA:130,1
DA:131,1
DA:133,1
DA:134,1
DA:136,1
DA:137,1
DA:141,1
DA:143,1
DA:144,2
DA:145,3
DA:155,1
DA:157,2
DA:158,1
LF:78
LH:31
end_of_record
SF:lib/src/modules/settings/settings_page/components/button_switch_theme.dart
DA:8,1
DA:10,1
DA:11,1
DA:15,4
DA:17,2
DA:18,1
DA:20,4
DA:26,1
DA:28,4
DA:29,1
DA:30,0
DA:31,0
DA:33,0
DA:35,1
DA:38,4
DA:40,4
DA:46,0
DA:47,0
DA:49,0
DA:50,0
DA:52,0
DA:53,0
DA:54,0
DA:57,0
DA:63,0
DA:64,0
DA:69,0
DA:70,0
DA:77,0
DA:79,0
DA:80,0
DA:81,0
DA:82,0
DA:83,0
DA:84,0
DA:86,0
DA:87,0
DA:88,0
DA:89,0
DA:90,0
DA:91,0
DA:95,0
DA:96,0
DA:97,0
DA:98,0
DA:100,0
DA:102,0
DA:103,0
DA:105,0
DA:106,0
DA:110,0
DA:111,0
DA:113,0
DA:114,0
DA:115,0
DA:116,0
DA:117,0
DA:118,0
DA:119,0
DA:120,0
DA:121,0
DA:122,0
DA:125,0
DA:129,0
DA:131,0
DA:132,0
DA:133,0
DA:134,0
DA:136,0
DA:137,0
DA:138,0
DA:151,1
DA:153,1
DA:154,3
DA:155,1
DA:156,1
DA:158,3
DA:161,0
DA:162,1
DA:163,4
DA:164,1
DA:165,1
DA:166,1
DA:168,1
DA:169,1
DA:170,1
DA:175,1
DA:177,1
DA:178,2
DA:179,3
DA:189,1
DA:191,2
DA:192,1
LF:93
LH:34
end_of_record
SF:lib/src/modules/settings/settings_qrcode/components/button_switch_color.dart
DA:11,1
DA:13,1
DA:15,1
DA:18,0
DA:19,0
DA:43,0
DA:44,0
DA:45,0
DA:46,0
DA:47,0
DA:48,0
DA:50,0
DA:51,0
DA:52,0
DA:53,0
DA:54,0
DA:55,0
DA:59,0
DA:60,0
DA:61,0
DA:62,0
DA:63,0
DA:69,0
DA:70,0
DA:71,0
DA:72,0
DA:73,0
DA:76,0
DA:77,0
DA:78,0
DA:80,0
DA:83,0
DA:84,0
DA:86,0
DA:89,0
DA:90,0
DA:92,0
DA:99,0
DA:101,0
DA:102,0
DA:103,0
DA:104,0
DA:106,0
DA:109,0
DA:110,0
DA:111,0
DA:112,0
DA:113,0
DA:114,0
DA:116,0
DA:118,0
DA:119,0
DA:120,0
DA:121,0
DA:122,0
DA:123,0
DA:124,0
DA:125,0
DA:126,0
DA:127,0
DA:128,0
DA:129,0
DA:130,0
DA:131,0
DA:132,0
DA:133,0
DA:134,0
DA:135,0
DA:136,0
DA:144,0
DA:146,0
DA:147,0
DA:148,0
DA:149,0
DA:150,0
DA:151,0
DA:152,0
DA:153,0
DA:154,0
DA:155,0
LF:80
LH:3
end_of_record
SF:lib/src/modules/settings/settings_qrcode/components/button_switch_logo.dart
DA:11,1
DA:13,0
DA:14,0
DA:20,0
DA:21,0
DA:22,0
DA:23,0
DA:24,0
DA:25,0
DA:26,0
DA:27,0
DA:29,0
DA:30,0
DA:31,0
DA:32,0
DA:33,0
DA:40,0
DA:42,0
DA:43,0
DA:44,0
DA:45,0
DA:55,0
DA:56,0
DA:57,0
DA:58,0
DA:59,0
DA:60,0
DA:68,0
DA:69,0
DA:70,0
DA:72,0
DA:73,0
DA:78,0
DA:80,0
DA:81,0
DA:82,0
DA:83,0
DA:85,0
DA:88,0
DA:89,0
DA:90,0
DA:91,0
DA:92,0
DA:93,0
DA:94,0
DA:96,0
DA:97,0
DA:99,0
DA:100,0
DA:103,0
DA:105,0
DA:107,0
DA:111,0
DA:113,0
DA:114,0
DA:115,0
LF:56
LH:1
end_of_record
SF:lib/src/modules/settings/settings_qrcode/components/button_switch_shape.dart
DA:16,1
DA:18,1
DA:20,0
DA:21,0
DA:27,0
DA:28,0
DA:29,0
DA:30,0
DA:31,0
DA:32,0
DA:33,0
DA:34,0
DA:36,0
DA:37,0
DA:38,0
DA:40,0
DA:41,0
DA:42,0
DA:43,0
DA:45,0
DA:46,0
DA:47,0
DA:48,0
DA:54,0
DA:55,0
DA:56,0
DA:57,0
DA:61,0
DA:63,0
DA:64,0
DA:66,0
DA:67,0
DA:68,0
DA:72,0
DA:73,0
DA:77,0
DA:78,0
DA:79,0
DA:82,0
DA:91,0
DA:92,0
DA:93,0
DA:94,0
DA:95,0
DA:96,0
DA:104,0
DA:106,0
DA:107,0
DA:108,0
DA:109,0
DA:111,0
DA:114,0
DA:115,0
DA:116,0
DA:117,0
DA:118,0
DA:119,0
DA:121,0
DA:122,0
DA:123,0
DA:124,0
DA:126,0
DA:127,0
DA:128,0
DA:133,0
DA:134,0
DA:138,0
DA:139,0
DA:140,0
DA:141,0
DA:148,0
DA:150,0
DA:151,0
DA:152,0
DA:153,0
DA:154,0
LF:76
LH:2
end_of_record
SF:lib/src/modules/settings/settings_qrcode/components/qr_code_example.dart
DA:10,1
DA:12,0
DA:14,0
DA:16,0
DA:17,0
DA:20,0
DA:21,0
DA:22,0
DA:23,0
DA:24,0
DA:25,0
DA:26,0
DA:27,0
DA:28,0
DA:29,0
DA:30,0
LF:16
LH:1
end_of_record
